Determining if the pthread_create exist failed with the following output:
Change Dir: /home/usrp/lstmcaffe/cmake-build-debug/CMakeFiles/CMakeTmp

Run Build Command:"/usr/bin/make" "cmTC_23c61/fast"
/usr/bin/make -f CMakeFiles/cmTC_23c61.dir/build.make CMakeFiles/cmTC_23c61.dir/build
make[1]: 正在进入目录 `/home/usrp/lstmcaffe/cmake-build-debug/CMakeFiles/CMakeTmp'
Building C object CMakeFiles/cmTC_23c61.dir/CheckSymbolExists.c.o
/usr/bin/cc    -o CMakeFiles/cmTC_23c61.dir/CheckSymbolExists.c.o   -c /home/usrp/lstmcaffe/cmake-build-debug/CMakeFiles/CMakeTmp/CheckSymbolExists.c
Linking C executable cmTC_23c61
/home/usrp/clion-2017.2.3/bin/cmake/bin/cmake -E cmake_link_script CMakeFiles/cmTC_23c61.dir/link.txt --verbose=1
/usr/bin/cc      -rdynamic CMakeFiles/cmTC_23c61.dir/CheckSymbolExists.c.o  -o cmTC_23c61 
CMakeFiles/cmTC_23c61.dir/CheckSymbolExists.c.o：在函数‘main’中：
CheckSymbolExists.c:(.text+0x16)：对‘pthread_create’未定义的引用
collect2: error: ld returned 1 exit status
make[1]: *** [cmTC_23c61] 错误 1
make[1]:正在离开目录 `/home/usrp/lstmcaffe/cmake-build-debug/CMakeFiles/CMakeTmp'
make: *** [cmTC_23c61/fast] 错误 2

File /home/usrp/lstmcaffe/cmake-build-debug/CMakeFiles/CMakeTmp/CheckSymbolExists.c:
/* */
#include <pthread.h>

int main(int argc, char** argv)
{
  (void)argv;
#ifndef pthread_create
  return ((int*)(&pthread_create))[argc];
#else
  (void)argc;
  return 0;
#endif
}

Determining if the function pthread_create exists in the pthreads failed with the following output:
Change Dir: /home/usrp/lstmcaffe/cmake-build-debug/CMakeFiles/CMakeTmp

Run Build Command:"/usr/bin/make" "cmTC_1cab7/fast"
/usr/bin/make -f CMakeFiles/cmTC_1cab7.dir/build.make CMakeFiles/cmTC_1cab7.dir/build
make[1]: 正在进入目录 `/home/usrp/lstmcaffe/cmake-build-debug/CMakeFiles/CMakeTmp'
Building C object CMakeFiles/cmTC_1cab7.dir/CheckFunctionExists.c.o
/usr/bin/cc   -DCHECK_FUNCTION_EXISTS=pthread_create   -o CMakeFiles/cmTC_1cab7.dir/CheckFunctionExists.c.o   -c /home/usrp/clion-2017.2.3/bin/cmake/share/cmake-3.8/Modules/CheckFunctionExists.c
Linking C executable cmTC_1cab7
/home/usrp/clion-2017.2.3/bin/cmake/bin/cmake -E cmake_link_script CMakeFiles/cmTC_1cab7.dir/link.txt --verbose=1
/usr/bin/cc  -DCHECK_FUNCTION_EXISTS=pthread_create    -rdynamic CMakeFiles/cmTC_1cab7.dir/CheckFunctionExists.c.o  -o cmTC_1cab7 -lpthreads 
/usr/bin/ld: 找不到 -lpthreads
collect2: error: ld returned 1 exit status
make[1]: *** [cmTC_1cab7] 错误 1
make[1]:正在离开目录 `/home/usrp/lstmcaffe/cmake-build-debug/CMakeFiles/CMakeTmp'
make: *** [cmTC_1cab7/fast] 错误 2


